                              1 ;--------------------------------------------------------
                              2 ; File Created by SDCC : free open source ANSI-C Compiler
                              3 ; Version 3.6.8 #9946 (Linux)
                              4 ;--------------------------------------------------------
                              5 	.module font_chars_1
                              6 	.optsdcc -mz80
                              7 	
                              8 ;--------------------------------------------------------
                              9 ; Public variables in this module
                             10 ;--------------------------------------------------------
                             11 	.globl _s_font_1
                             12 ;--------------------------------------------------------
                             13 ; special function registers
                             14 ;--------------------------------------------------------
                             15 ;--------------------------------------------------------
                             16 ; ram data
                             17 ;--------------------------------------------------------
                             18 	.area _DATA
                             19 ;--------------------------------------------------------
                             20 ; ram data
                             21 ;--------------------------------------------------------
                             22 	.area _INITIALIZED
                             23 ;--------------------------------------------------------
                             24 ; absolute external ram data
                             25 ;--------------------------------------------------------
                             26 	.area _DABS (ABS)
                             27 ;--------------------------------------------------------
                             28 ; global & static initialisations
                             29 ;--------------------------------------------------------
                             30 	.area _HOME
                             31 	.area _GSINIT
                             32 	.area _GSFINAL
                             33 	.area _GSINIT
                             34 ;--------------------------------------------------------
                             35 ; Home
                             36 ;--------------------------------------------------------
                             37 	.area _HOME
                             38 	.area _HOME
                             39 ;--------------------------------------------------------
                             40 ; code
                             41 ;--------------------------------------------------------
                             42 	.area _CODE
                             43 	.area _CODE
   0000                      44 _s_font_1:
   0000 40                   45 	.db #0x40	; 64
   0001 40                   46 	.db #0x40	; 64
   0002 40                   47 	.db #0x40	; 64
   0003 40                   48 	.db #0x40	; 64
   0004 40                   49 	.db #0x40	; 64
   0005 00                   50 	.db #0x00	; 0
   0006 40                   51 	.db #0x40	; 64
   0007 00                   52 	.db #0x00	; 0
   0008 00                   53 	.db #0x00	; 0
   0009 00                   54 	.db #0x00	; 0
   000A 00                   55 	.db #0x00	; 0
   000B 00                   56 	.db #0x00	; 0
   000C 00                   57 	.db #0x00	; 0
   000D 00                   58 	.db #0x00	; 0
   000E 40                   59 	.db #0x40	; 64
   000F 40                   60 	.db #0x40	; 64
   0010 80                   61 	.db #0x80	; 128
   0011 00                   62 	.db #0x00	; 0
   0012 00                   63 	.db #0x00	; 0
   0013 00                   64 	.db #0x00	; 0
   0014 00                   65 	.db #0x00	; 0
   0015 F0                   66 	.db #0xf0	; 240
   0016 00                   67 	.db #0x00	; 0
   0017 00                   68 	.db #0x00	; 0
   0018 00                   69 	.db #0x00	; 0
   0019 00                   70 	.db #0x00	; 0
   001A 00                   71 	.db #0x00	; 0
   001B 00                   72 	.db #0x00	; 0
   001C 00                   73 	.db #0x00	; 0
   001D 00                   74 	.db #0x00	; 0
   001E 00                   75 	.db #0x00	; 0
   001F 00                   76 	.db #0x00	; 0
   0020 40                   77 	.db #0x40	; 64
   0021 40                   78 	.db #0x40	; 64
   0022 00                   79 	.db #0x00	; 0
   0023 00                   80 	.db #0x00	; 0
   0024 40                   81 	.db #0x40	; 64
   0025 A0                   82 	.db #0xa0	; 160
   0026 A0                   83 	.db #0xa0	; 160
   0027 A0                   84 	.db #0xa0	; 160
   0028 A0                   85 	.db #0xa0	; 160
   0029 A0                   86 	.db #0xa0	; 160
   002A 40                   87 	.db #0x40	; 64
   002B 00                   88 	.db #0x00	; 0
   002C 00                   89 	.db #0x00	; 0
   002D 40                   90 	.db #0x40	; 64
   002E C0                   91 	.db #0xc0	; 192
   002F 40                   92 	.db #0x40	; 64
   0030 40                   93 	.db #0x40	; 64
   0031 40                   94 	.db #0x40	; 64
   0032 40                   95 	.db #0x40	; 64
   0033 E0                   96 	.db #0xe0	; 224
   0034 00                   97 	.db #0x00	; 0
   0035 00                   98 	.db #0x00	; 0
   0036 40                   99 	.db #0x40	; 64
   0037 A0                  100 	.db #0xa0	; 160
   0038 20                  101 	.db #0x20	; 32
   0039 40                  102 	.db #0x40	; 64
   003A 80                  103 	.db #0x80	; 128
   003B 80                  104 	.db #0x80	; 128
   003C E0                  105 	.db #0xe0	; 224
   003D 00                  106 	.db #0x00	; 0
   003E 00                  107 	.db #0x00	; 0
   003F 40                  108 	.db #0x40	; 64
   0040 A0                  109 	.db #0xa0	; 160
   0041 20                  110 	.db #0x20	; 32
   0042 40                  111 	.db #0x40	; 64
   0043 20                  112 	.db #0x20	; 32
   0044 A0                  113 	.db #0xa0	; 160
   0045 40                  114 	.db #0x40	; 64
   0046 00                  115 	.db #0x00	; 0
   0047 00                  116 	.db #0x00	; 0
   0048 20                  117 	.db #0x20	; 32
   0049 A0                  118 	.db #0xa0	; 160
   004A A0                  119 	.db #0xa0	; 160
   004B E0                  120 	.db #0xe0	; 224
   004C 20                  121 	.db #0x20	; 32
   004D 20                  122 	.db #0x20	; 32
   004E 20                  123 	.db #0x20	; 32
   004F 00                  124 	.db #0x00	; 0
   0050 00                  125 	.db #0x00	; 0
   0051 E0                  126 	.db #0xe0	; 224
   0052 80                  127 	.db #0x80	; 128
   0053 80                  128 	.db #0x80	; 128
   0054 C0                  129 	.db #0xc0	; 192
   0055 20                  130 	.db #0x20	; 32
   0056 20                  131 	.db #0x20	; 32
   0057 C0                  132 	.db #0xc0	; 192
   0058 00                  133 	.db #0x00	; 0
   0059 00                  134 	.db #0x00	; 0
   005A 40                  135 	.db #0x40	; 64
   005B A0                  136 	.db #0xa0	; 160
   005C 80                  137 	.db #0x80	; 128
   005D C0                  138 	.db #0xc0	; 192
   005E A0                  139 	.db #0xa0	; 160
   005F A0                  140 	.db #0xa0	; 160
   0060 40                  141 	.db #0x40	; 64
   0061 00                  142 	.db #0x00	; 0
   0062 00                  143 	.db #0x00	; 0
   0063 E0                  144 	.db #0xe0	; 224
   0064 20                  145 	.db #0x20	; 32
   0065 20                  146 	.db #0x20	; 32
   0066 40                  147 	.db #0x40	; 64
   0067 40                  148 	.db #0x40	; 64
   0068 40                  149 	.db #0x40	; 64
   0069 40                  150 	.db #0x40	; 64
   006A 00                  151 	.db #0x00	; 0
   006B 00                  152 	.db #0x00	; 0
   006C 40                  153 	.db #0x40	; 64
   006D A0                  154 	.db #0xa0	; 160
   006E A0                  155 	.db #0xa0	; 160
   006F 40                  156 	.db #0x40	; 64
   0070 A0                  157 	.db #0xa0	; 160
   0071 A0                  158 	.db #0xa0	; 160
   0072 40                  159 	.db #0x40	; 64
   0073 00                  160 	.db #0x00	; 0
   0074 00                  161 	.db #0x00	; 0
   0075 40                  162 	.db #0x40	; 64
   0076 A0                  163 	.db #0xa0	; 160
   0077 A0                  164 	.db #0xa0	; 160
   0078 60                  165 	.db #0x60	; 96
   0079 20                  166 	.db #0x20	; 32
   007A 20                  167 	.db #0x20	; 32
   007B 40                  168 	.db #0x40	; 64
   007C 00                  169 	.db #0x00	; 0
   007D 00                  170 	.db #0x00	; 0
   007E 00                  171 	.db #0x00	; 0
   007F 00                  172 	.db #0x00	; 0
   0080 40                  173 	.db #0x40	; 64
   0081 00                  174 	.db #0x00	; 0
   0082 00                  175 	.db #0x00	; 0
   0083 40                  176 	.db #0x40	; 64
   0084 00                  177 	.db #0x00	; 0
   0085 00                  178 	.db #0x00	; 0
   0086 00                  179 	.db #0x00	; 0
   0087 40                  180 	.db #0x40	; 64
   0088 A0                  181 	.db #0xa0	; 160
   0089 20                  182 	.db #0x20	; 32
   008A 40                  183 	.db #0x40	; 64
   008B 40                  184 	.db #0x40	; 64
   008C 00                  185 	.db #0x00	; 0
   008D 40                  186 	.db #0x40	; 64
   008E 00                  187 	.db #0x00	; 0
   008F 00                  188 	.db #0x00	; 0
   0090 00                  189 	.db #0x00	; 0
   0091 60                  190 	.db #0x60	; 96
   0092 90                  191 	.db #0x90	; 144
   0093 60                  192 	.db #0x60	; 96
   0094 40                  193 	.db #0x40	; 64
   0095 60                  194 	.db #0x60	; 96
   0096 90                  195 	.db #0x90	; 144
   0097 60                  196 	.db #0x60	; 96
   0098 00                  197 	.db #0x00	; 0
   0099 40                  198 	.db #0x40	; 64
   009A A0                  199 	.db #0xa0	; 160
   009B A0                  200 	.db #0xa0	; 160
   009C E0                  201 	.db #0xe0	; 224
   009D A0                  202 	.db #0xa0	; 160
   009E A0                  203 	.db #0xa0	; 160
   009F A0                  204 	.db #0xa0	; 160
   00A0 00                  205 	.db #0x00	; 0
   00A1 00                  206 	.db #0x00	; 0
   00A2 C0                  207 	.db #0xc0	; 192
   00A3 A0                  208 	.db #0xa0	; 160
   00A4 A0                  209 	.db #0xa0	; 160
   00A5 C0                  210 	.db #0xc0	; 192
   00A6 A0                  211 	.db #0xa0	; 160
   00A7 A0                  212 	.db #0xa0	; 160
   00A8 E0                  213 	.db #0xe0	; 224
   00A9 00                  214 	.db #0x00	; 0
   00AA 00                  215 	.db #0x00	; 0
   00AB 40                  216 	.db #0x40	; 64
   00AC A0                  217 	.db #0xa0	; 160
   00AD 80                  218 	.db #0x80	; 128
   00AE 80                  219 	.db #0x80	; 128
   00AF 80                  220 	.db #0x80	; 128
   00B0 A0                  221 	.db #0xa0	; 160
   00B1 40                  222 	.db #0x40	; 64
   00B2 00                  223 	.db #0x00	; 0
   00B3 00                  224 	.db #0x00	; 0
   00B4 C0                  225 	.db #0xc0	; 192
   00B5 A0                  226 	.db #0xa0	; 160
   00B6 A0                  227 	.db #0xa0	; 160
   00B7 A0                  228 	.db #0xa0	; 160
   00B8 A0                  229 	.db #0xa0	; 160
   00B9 A0                  230 	.db #0xa0	; 160
   00BA C0                  231 	.db #0xc0	; 192
   00BB 00                  232 	.db #0x00	; 0
   00BC 00                  233 	.db #0x00	; 0
   00BD E0                  234 	.db #0xe0	; 224
   00BE 80                  235 	.db #0x80	; 128
   00BF 80                  236 	.db #0x80	; 128
   00C0 C0                  237 	.db #0xc0	; 192
   00C1 80                  238 	.db #0x80	; 128
   00C2 80                  239 	.db #0x80	; 128
   00C3 E0                  240 	.db #0xe0	; 224
   00C4 00                  241 	.db #0x00	; 0
   00C5 00                  242 	.db #0x00	; 0
   00C6 E0                  243 	.db #0xe0	; 224
   00C7 80                  244 	.db #0x80	; 128
   00C8 80                  245 	.db #0x80	; 128
   00C9 C0                  246 	.db #0xc0	; 192
   00CA 80                  247 	.db #0x80	; 128
   00CB 80                  248 	.db #0x80	; 128
   00CC 80                  249 	.db #0x80	; 128
   00CD 00                  250 	.db #0x00	; 0
   00CE 00                  251 	.db #0x00	; 0
   00CF 60                  252 	.db #0x60	; 96
   00D0 80                  253 	.db #0x80	; 128
   00D1 80                  254 	.db #0x80	; 128
   00D2 80                  255 	.db #0x80	; 128
   00D3 A0                  256 	.db #0xa0	; 160
   00D4 A0                  257 	.db #0xa0	; 160
   00D5 60                  258 	.db #0x60	; 96
   00D6 00                  259 	.db #0x00	; 0
   00D7 00                  260 	.db #0x00	; 0
   00D8 A0                  261 	.db #0xa0	; 160
   00D9 A0                  262 	.db #0xa0	; 160
   00DA A0                  263 	.db #0xa0	; 160
   00DB E0                  264 	.db #0xe0	; 224
   00DC A0                  265 	.db #0xa0	; 160
   00DD A0                  266 	.db #0xa0	; 160
   00DE A0                  267 	.db #0xa0	; 160
   00DF 00                  268 	.db #0x00	; 0
   00E0 00                  269 	.db #0x00	; 0
   00E1 E0                  270 	.db #0xe0	; 224
   00E2 40                  271 	.db #0x40	; 64
   00E3 40                  272 	.db #0x40	; 64
   00E4 40                  273 	.db #0x40	; 64
   00E5 40                  274 	.db #0x40	; 64
   00E6 40                  275 	.db #0x40	; 64
   00E7 E0                  276 	.db #0xe0	; 224
   00E8 00                  277 	.db #0x00	; 0
   00E9 00                  278 	.db #0x00	; 0
   00EA 60                  279 	.db #0x60	; 96
   00EB 20                  280 	.db #0x20	; 32
   00EC 20                  281 	.db #0x20	; 32
   00ED 20                  282 	.db #0x20	; 32
   00EE A0                  283 	.db #0xa0	; 160
   00EF A0                  284 	.db #0xa0	; 160
   00F0 40                  285 	.db #0x40	; 64
   00F1 00                  286 	.db #0x00	; 0
   00F2 00                  287 	.db #0x00	; 0
   00F3 A0                  288 	.db #0xa0	; 160
   00F4 A0                  289 	.db #0xa0	; 160
   00F5 A0                  290 	.db #0xa0	; 160
   00F6 C0                  291 	.db #0xc0	; 192
   00F7 A0                  292 	.db #0xa0	; 160
   00F8 A0                  293 	.db #0xa0	; 160
   00F9 A0                  294 	.db #0xa0	; 160
   00FA 00                  295 	.db #0x00	; 0
   00FB 00                  296 	.db #0x00	; 0
   00FC 80                  297 	.db #0x80	; 128
   00FD 80                  298 	.db #0x80	; 128
   00FE 80                  299 	.db #0x80	; 128
   00FF 80                  300 	.db #0x80	; 128
   0100 80                  301 	.db #0x80	; 128
   0101 80                  302 	.db #0x80	; 128
   0102 E0                  303 	.db #0xe0	; 224
   0103 00                  304 	.db #0x00	; 0
   0104 00                  305 	.db #0x00	; 0
   0105 A0                  306 	.db #0xa0	; 160
   0106 E0                  307 	.db #0xe0	; 224
   0107 E0                  308 	.db #0xe0	; 224
   0108 A0                  309 	.db #0xa0	; 160
   0109 A0                  310 	.db #0xa0	; 160
   010A A0                  311 	.db #0xa0	; 160
   010B A0                  312 	.db #0xa0	; 160
   010C 00                  313 	.db #0x00	; 0
   010D 00                  314 	.db #0x00	; 0
   010E C0                  315 	.db #0xc0	; 192
   010F A0                  316 	.db #0xa0	; 160
   0110 A0                  317 	.db #0xa0	; 160
   0111 A0                  318 	.db #0xa0	; 160
   0112 A0                  319 	.db #0xa0	; 160
   0113 A0                  320 	.db #0xa0	; 160
   0114 A0                  321 	.db #0xa0	; 160
   0115 00                  322 	.db #0x00	; 0
   0116 00                  323 	.db #0x00	; 0
   0117 40                  324 	.db #0x40	; 64
   0118 A0                  325 	.db #0xa0	; 160
   0119 A0                  326 	.db #0xa0	; 160
   011A A0                  327 	.db #0xa0	; 160
   011B A0                  328 	.db #0xa0	; 160
   011C A0                  329 	.db #0xa0	; 160
   011D 40                  330 	.db #0x40	; 64
   011E 00                  331 	.db #0x00	; 0
   011F 00                  332 	.db #0x00	; 0
   0120 C0                  333 	.db #0xc0	; 192
   0121 A0                  334 	.db #0xa0	; 160
   0122 A0                  335 	.db #0xa0	; 160
   0123 A0                  336 	.db #0xa0	; 160
   0124 C0                  337 	.db #0xc0	; 192
   0125 80                  338 	.db #0x80	; 128
   0126 80                  339 	.db #0x80	; 128
   0127 00                  340 	.db #0x00	; 0
   0128 00                  341 	.db #0x00	; 0
   0129 40                  342 	.db #0x40	; 64
   012A A0                  343 	.db #0xa0	; 160
   012B A0                  344 	.db #0xa0	; 160
   012C A0                  345 	.db #0xa0	; 160
   012D A0                  346 	.db #0xa0	; 160
   012E C0                  347 	.db #0xc0	; 192
   012F 60                  348 	.db #0x60	; 96
   0130 00                  349 	.db #0x00	; 0
   0131 00                  350 	.db #0x00	; 0
   0132 C0                  351 	.db #0xc0	; 192
   0133 A0                  352 	.db #0xa0	; 160
   0134 A0                  353 	.db #0xa0	; 160
   0135 C0                  354 	.db #0xc0	; 192
   0136 A0                  355 	.db #0xa0	; 160
   0137 A0                  356 	.db #0xa0	; 160
   0138 A0                  357 	.db #0xa0	; 160
   0139 00                  358 	.db #0x00	; 0
   013A 00                  359 	.db #0x00	; 0
   013B 60                  360 	.db #0x60	; 96
   013C 80                  361 	.db #0x80	; 128
   013D 80                  362 	.db #0x80	; 128
   013E C0                  363 	.db #0xc0	; 192
   013F 20                  364 	.db #0x20	; 32
   0140 20                  365 	.db #0x20	; 32
   0141 C0                  366 	.db #0xc0	; 192
   0142 00                  367 	.db #0x00	; 0
   0143 00                  368 	.db #0x00	; 0
   0144 E0                  369 	.db #0xe0	; 224
   0145 40                  370 	.db #0x40	; 64
   0146 40                  371 	.db #0x40	; 64
   0147 40                  372 	.db #0x40	; 64
   0148 40                  373 	.db #0x40	; 64
   0149 40                  374 	.db #0x40	; 64
   014A 40                  375 	.db #0x40	; 64
   014B 00                  376 	.db #0x00	; 0
   014C 00                  377 	.db #0x00	; 0
   014D A0                  378 	.db #0xa0	; 160
   014E A0                  379 	.db #0xa0	; 160
   014F A0                  380 	.db #0xa0	; 160
   0150 A0                  381 	.db #0xa0	; 160
   0151 A0                  382 	.db #0xa0	; 160
   0152 A0                  383 	.db #0xa0	; 160
   0153 60                  384 	.db #0x60	; 96
   0154 00                  385 	.db #0x00	; 0
   0155 00                  386 	.db #0x00	; 0
   0156 A0                  387 	.db #0xa0	; 160
   0157 A0                  388 	.db #0xa0	; 160
   0158 A0                  389 	.db #0xa0	; 160
   0159 A0                  390 	.db #0xa0	; 160
   015A A0                  391 	.db #0xa0	; 160
   015B 40                  392 	.db #0x40	; 64
   015C 40                  393 	.db #0x40	; 64
   015D 00                  394 	.db #0x00	; 0
   015E 00                  395 	.db #0x00	; 0
   015F A0                  396 	.db #0xa0	; 160
   0160 A0                  397 	.db #0xa0	; 160
   0161 A0                  398 	.db #0xa0	; 160
   0162 A0                  399 	.db #0xa0	; 160
   0163 E0                  400 	.db #0xe0	; 224
   0164 E0                  401 	.db #0xe0	; 224
   0165 A0                  402 	.db #0xa0	; 160
   0166 00                  403 	.db #0x00	; 0
   0167 00                  404 	.db #0x00	; 0
   0168 A0                  405 	.db #0xa0	; 160
   0169 A0                  406 	.db #0xa0	; 160
   016A A0                  407 	.db #0xa0	; 160
   016B 40                  408 	.db #0x40	; 64
   016C A0                  409 	.db #0xa0	; 160
   016D A0                  410 	.db #0xa0	; 160
   016E A0                  411 	.db #0xa0	; 160
   016F 00                  412 	.db #0x00	; 0
   0170 00                  413 	.db #0x00	; 0
   0171 A0                  414 	.db #0xa0	; 160
   0172 A0                  415 	.db #0xa0	; 160
   0173 A0                  416 	.db #0xa0	; 160
   0174 E0                  417 	.db #0xe0	; 224
   0175 40                  418 	.db #0x40	; 64
   0176 40                  419 	.db #0x40	; 64
   0177 40                  420 	.db #0x40	; 64
   0178 00                  421 	.db #0x00	; 0
   0179 00                  422 	.db #0x00	; 0
   017A E0                  423 	.db #0xe0	; 224
   017B 20                  424 	.db #0x20	; 32
   017C 20                  425 	.db #0x20	; 32
   017D 40                  426 	.db #0x40	; 64
   017E 80                  427 	.db #0x80	; 128
   017F 80                  428 	.db #0x80	; 128
   0180 E0                  429 	.db #0xe0	; 224
   0181 00                  430 	.db #0x00	; 0
   0182 00                  431 	.db #0x00	; 0
                            432 	.area _INITIALIZER
                            433 	.area _CABS (ABS)
